<?xml version="1.0" encoding="UTF-8"?>
<testsuite xmlns:xsi="http://www.w3.org/2001/XMLSchema-instance" xsi:noNamespaceSchemaLocation="https://maven.apache.org/surefire/maven-failsafe-plugin/xsd/failsafe-test-report.xsd" name="TestSuite" time="5.745" tests="30" errors="0" skipped="0" failures="6">
  <properties>
[...]
</properties>
  <testcase name="givenAEncoded64ValueInJonBody_WhenIAddItToAInvalidSide_ThenTheStatusCodeIsNotImplemented" classname="org.waes.it.AddSideValueIT" time="2.464"/>
  <testcase name="givenAEncoded64ValueInJonBody_WhenIAddItToLeftSide_ThenAddedValueReturnsInLeftSide" classname="org.waes.it.AddSideValueIT" time="0.052"/>
  <testcase name="givenAEncoded64ValueInJonBody_WhenIAddItToRightSide_ThenAddedValueReturnsInRightSide" classname="org.waes.it.AddSideValueIT" time="0.043"/>
  <testcase name="givenAEncoded64ValueInJonBody_WhenICallItUsingAIdThatExceedsLongLimit_ThenTheStatusCodeIsNotFound" classname="org.waes.it.AddSideValueIT" time="0.101"/>
  <testcase name="givenAEncoded64ValueInJonBody_WhenICallItUsingAIdThatExceedsLongNegativeLimit_ThenTheStatusCodeIsNotFound" classname="org.waes.it.AddSideValueIT" time="0.031"/>
  <testcase name="givenAEncoded64ValueInJonBody_WhenICallItUsingAValueThatIsNotInStringFormat_ThenTheStatusCodeIsUnsupportedMediaType" classname="org.waes.it.AddSideValueIT" time="0.055"/>
  <testcase name="givenAEncoded64ValueInJonBody_WhenICallItUsingAnEmptyStringInJsonBody_ThenTheEmptyStringIsAdded" classname="org.waes.it.AddSideValueIT" time="0.053"/>
  <testcase name="givenAEncoded64ValueInJonBody_WhenICallItUsingAnValueThatIsInJsonBodyFormatInJsonBody_ThenTheValueIsAdded" classname="org.waes.it.AddSideValueIT" time="0.066">
    <failure message="1 expectation failed.&#10;Expected status code &lt;200&gt; but was &lt;500&gt;.&#10;" type="java.lang.AssertionError"><![CDATA[java.lang.AssertionError: 
1 expectation failed.
Expected status code <200> but was <500>.

	at org.waes.it.AddSideValueIT.givenAEncoded64ValueInJonBody_WhenICallItUsingAnValueThatIsInJsonBodyFormatInJsonBody_ThenTheValueIsAdded(AddSideValueIT.java:416)
]]></failure>
  </testcase>
  <testcase name="givenAEncoded64ValueInJonBody_WhenICallItUsingAnValueThatIsLessThan4CharsInJsonBody_ThenTheStatusCodeIsUnsupportedMediaType" classname="org.waes.it.AddSideValueIT" time="0.068"/>
  <testcase name="givenAEncoded64ValueInJonBody_WhenICallItUsingAnValueWithPlusInJsonBody_ThenTheValueWithPlusIsAdded" classname="org.waes.it.AddSideValueIT" time="0.024">
    <failure message="1 expectation failed.&#10;Expected status code &lt;200&gt; but was &lt;415&gt;.&#10;" type="java.lang.AssertionError"><![CDATA[java.lang.AssertionError: 
1 expectation failed.
Expected status code <200> but was <415>.

	at org.waes.it.AddSideValueIT.givenAEncoded64ValueInJonBody_WhenICallItUsingAnValueWithPlusInJsonBody_ThenTheValueWithPlusIsAdded(AddSideValueIT.java:368)
]]></failure>
  </testcase>
  <testcase name="givenAEncoded64ValueInJonBody_WhenICallItUsingAnValueWithSlashInJsonBody_ThenTheValueWithSlashIsAdded" classname="org.waes.it.AddSideValueIT" time="0.026">
    <failure message="1 expectation failed.&#10;Expected status code &lt;200&gt; but was &lt;415&gt;.&#10;" type="java.lang.AssertionError"><![CDATA[java.lang.AssertionError: 
1 expectation failed.
Expected status code <200> but was <415>.

	at org.waes.it.AddSideValueIT.givenAEncoded64ValueInJonBody_WhenICallItUsingAnValueWithSlashInJsonBody_ThenTheValueWithSlashIsAdded(AddSideValueIT.java:344)
]]></failure>
  </testcase>
  <testcase name="givenAEncoded64ValueInJonBody_WhenICallItUsingCharAsId_ThenTheStatusCodeIsNotFound" classname="org.waes.it.AddSideValueIT" time="0.026"/>
  <testcase name="givenAEncoded64ValueInJonBody_WhenICallItUsingDoubleAsId_ThenTheStatusCodeIsNotFound" classname="org.waes.it.AddSideValueIT" time="0.028"/>
  <testcase name="givenAEncoded64ValueInJonBody_WhenICallItUsingNegativeNumberAsId_ThenAddedValueReturnsInLeftSide" classname="org.waes.it.AddSideValueIT" time="0.036"/>
  <testcase name="givenAEncoded64ValueInJonBody_WhenICallItUsingPaddingInJsonBodyValue_ThenThePaddedValueIsAdded" classname="org.waes.it.AddSideValueIT" time="0.025">
    <failure message="1 expectation failed.&#10;Expected status code &lt;200&gt; but was &lt;415&gt;.&#10;" type="java.lang.AssertionError"><![CDATA[java.lang.AssertionError: 
1 expectation failed.
Expected status code <200> but was <415>.

	at org.waes.it.AddSideValueIT.givenAEncoded64ValueInJonBody_WhenICallItUsingPaddingInJsonBodyValue_ThenThePaddedValueIsAdded(AddSideValueIT.java:320)
]]></failure>
  </testcase>
  <testcase name="givenAEncoded64ValueInJonBody_WhenICallItUsingUsingAUppercaseLetter_ThenTheStatusCodeIsNotImplemented" classname="org.waes.it.AddSideValueIT" time="0.074"/>
  <testcase name="givenAEncoded64ValueInJonBody_WhenICallItWithoutAId_ThenTheStatusCodeIsNotFound" classname="org.waes.it.AddSideValueIT" time="0.023"/>
  <testcase name="givenAEncoded64ValueInJonBody_WhenICallItWithoutASide_ThenTheStatusCodeIsMethodNotAllowed" classname="org.waes.it.AddSideValueIT" time="0.024"/>
  <testcase name="givenBothSideHaveDiffLengthValues_WhenValidateDiffIsCalled_ThenStatusCodeIs200AndTypeIsDifferentLength" classname="org.waes.it.ValidateDiffIT" time="0.099"/>
  <testcase name="givenBothSideHaveSameLengthAndDiffChars_WhenValidateDiffIsCalled_ThenTheTypeIsDifferentLengthAndDetailMessageIsDisplayed" classname="org.waes.it.ValidateDiffIT" time="0.13"/>
  <testcase name="givenBothSidesHaveEmprtyStrings_WhenValidateDiffIsCalled_ThenTheStatusCodeIs200AndTypeIsEqual" classname="org.waes.it.ValidateDiffIT" time="0.13"/>
  <testcase name="givenBothSidesHaveSameCharsButInDiffOrder_WhenValidateDiffIsCalled_ThenTheTypeIsDifferentLengthAndDetailMessageIsDisplayed" classname="org.waes.it.ValidateDiffIT" time="0.089"/>
  <testcase name="givenBothsideHavesameData_WhenValidateDiffIsCalled_ThenTheStatusCodeIs200AndTypeIsEqual" classname="org.waes.it.ValidateDiffIT" time="0.093"/>
  <testcase name="givenFirstAndLastCharsAreDiff_WhenValidateDiffIsCalled_ThenTheTypeIsDifferentCharsAndDetailMessageIsDisplayed" classname="org.waes.it.ValidateDiffIT" time="0.091"/>
  <testcase name="givenLeftSideDontHaveData_WhenValidateDiffIsCalled_ThenTypeIsDifferentLengthAndLeftSideContainsNoValue" classname="org.waes.it.ValidateDiffIT" time="0.072"/>
  <testcase name="givenLeftSideHasAEmptyString_WhenValidateDiffIsCalled_ThenStatusCodeIs200AndTypeIsDifferentLength" classname="org.waes.it.ValidateDiffIT" time="0.071"/>
  <testcase name="givenRightSideDontHaveData_WhenValidateDiffIsCalled_ThenTypeIsDifferentLengthAndRightSideContainsNoValue" classname="org.waes.it.ValidateDiffIT" time="0.068">
    <failure message="1 expectation failed.&#10;Expected status code &lt;200&gt; but was &lt;204&gt;.&#10;" type="java.lang.AssertionError"><![CDATA[java.lang.AssertionError: 
1 expectation failed.
Expected status code <200> but was <204>.

	at org.waes.it.ValidateDiffIT.givenRightSideDontHaveData_WhenValidateDiffIsCalled_ThenTypeIsDifferentLengthAndRightSideContainsNoValue(ValidateDiffIT.java:69)
]]></failure>
  </testcase>
  <testcase name="givenRightSideHasAEmptyString_WhenValidateDiffIsCalled_ThenStatusCodeIs200AndTypeIsDifferentLength" classname="org.waes.it.ValidateDiffIT" time="0.058">
    <failure message="1 expectation failed.&#10;JSON path right doesn&apos;t match.&#10;Expected: W43s&#10;  Actual: &#10;" type="java.lang.AssertionError">java.lang.AssertionError: 
1 expectation failed.
JSON path right doesn't match.
Expected: W43s
  Actual: 

	at org.waes.it.ValidateDiffIT.givenRightSideHasAEmptyString_WhenValidateDiffIsCalled_ThenStatusCodeIs200AndTypeIsDifferentLength(ValidateDiffIT.java:339)
</failure>
  </testcase>
  <testcase name="givenTheEndpointAcceptsLongAsID_WhenValidateDiffIsCalledWithACharAsId_ThenTheStatusCodeIs404" classname="org.waes.it.ValidateDiffIT" time="0.019"/>
  <testcase name="givenTheValueAreInANegId_WhenValidateDiffIsCalledWithTheNegId_ThenTheStatusCodeIs200AndTypeEqual" classname="org.waes.it.ValidateDiffIT" time="0.093"/>
</testsuite>